<?xml version="1.0" encoding="UTF-8"?>
<!-- Generated by org.testng.reporters.JUnitReportReporter -->
<testsuite hostname="DESKTOP-MKNCP1I" failures="0" tests="1" name="ss.twenty.scenarios.assingment.BluestoneVisitOurStore_seventeen" time="21.569" errors="0" timestamp="24 Mar 2019 13:12:59 GMT" skipped="0">
  <testcase classname="ss.twenty.scenarios.assingment.BluestoneVisitOurStore_seventeen" name="f" time="21.569"/>
</testsuite> <!-- ss.twenty.scenarios.assingment.BluestoneVisitOurStore_seventeen -->
