<?xml version="1.0" encoding="UTF-8"?>
<!-- Generated by org.testng.reporters.JUnitReportReporter -->
<testsuite hostname="DESKTOP-MKNCP1I" failures="0" tests="1" name="scenarios.srinidhi.assignment.twenty.BluestoneGoldCoinLakshmi2gm_three" time="47.204" errors="0" timestamp="30 Mar 2019 08:30:12 GMT" skipped="0">
  <testcase classname="scenarios.srinidhi.assignment.twenty.BluestoneGoldCoinLakshmi2gm_three" name="f" time="47.204"/>
</testsuite> <!-- scenarios.srinidhi.assignment.twenty.BluestoneGoldCoinLakshmi2gm_three -->
