<?xml version="1.0" encoding="UTF-8"?>
<!-- Generated by org.testng.reporters.JUnitReportReporter -->
<testsuite hostname="DESKTOP-MKNCP1I" failures="0" tests="1" name="end2endscenarios.GmailtwoTestMail" time="61.108" errors="0" timestamp="22 Mar 2019 12:34:18 GMT" skipped="0">
  <testcase classname="end2endscenarios.GmailtwoTestMail" name="f" time="61.108"/>
</testsuite> <!-- end2endscenarios.GmailtwoTestMail -->
