<?xml version="1.0" encoding="UTF-8"?>
<!-- Generated by org.testng.reporters.JUnitReportReporter -->
<testsuite hostname="DESKTOP-MKNCP1I" failures="0" tests="1" name="harshasirjavaassignment.Link5assertions" time="9.367" errors="0" timestamp="21 Mar 2019 08:35:11 GMT" skipped="0">
  <testcase classname="harshasirjavaassignment.Link5assertions" name="f" time="9.367"/>
</testsuite> <!-- harshasirjavaassignment.Link5assertions -->
