<?xml version="1.0" encoding="UTF-8"?>
<!-- Generated by org.testng.reporters.JUnitReportReporter -->
<testsuite hostname="DESKTOP-MKNCP1I" failures="0" tests="1" name="ss.twenty.scenarios.assingment.BluestoneGPcount22k_nine" time="170.314" errors="0" timestamp="25 Mar 2019 04:36:50 GMT" skipped="0">
  <testcase classname="ss.twenty.scenarios.assingment.BluestoneGPcount22k_nine" name="f" time="170.314"/>
</testsuite> <!-- ss.twenty.scenarios.assingment.BluestoneGPcount22k_nine -->
