<?xml version="1.0" encoding="UTF-8"?>
<!-- Generated by org.testng.reporters.JUnitReportReporter -->
<testsuite hostname="DESKTOP-MKNCP1I" failures="0" tests="1" name="ss.twenty.scenarios.assingment.BluestoneTopIcon_eleven" time="25.312" errors="0" timestamp="24 Mar 2019 13:17:21 GMT" skipped="0">
  <testcase classname="ss.twenty.scenarios.assingment.BluestoneTopIcon_eleven" name="f" time="25.312"/>
</testsuite> <!-- ss.twenty.scenarios.assingment.BluestoneTopIcon_eleven -->
