<?xml version="1.0" encoding="UTF-8"?>
<!-- Generated by org.testng.reporters.JUnitReportReporter -->
<testsuite hostname="DESKTOP-MKNCP1I" failures="0" tests="1" name="ss.twenty.scenarios.assingment.BluestoneGoldCoin20gm_one" time="20.465" errors="0" timestamp="23 Mar 2019 05:36:39 GMT" skipped="0">
  <testcase classname="ss.twenty.scenarios.assingment.BluestoneGoldCoin20gm_one" name="f" time="20.465"/>
</testsuite> <!-- ss.twenty.scenarios.assingment.BluestoneGoldCoin20gm_one -->
