<?xml version="1.0" encoding="UTF-8"?>
<!-- Generated by org.testng.reporters.JUnitReportReporter -->
<testsuite hostname="DESKTOP-MKNCP1I" failures="0" tests="1" name="ss.twenty.scenarios.assingment.BluestoneGMwithemail_thirteen" time="20.497" errors="0" timestamp="23 Mar 2019 09:04:21 GMT" skipped="0">
  <testcase classname="ss.twenty.scenarios.assingment.BluestoneGMwithemail_thirteen" name="f" time="20.497"/>
</testsuite> <!-- ss.twenty.scenarios.assingment.BluestoneGMwithemail_thirteen -->
