<?xml version="1.0" encoding="UTF-8"?>
<!-- Generated by org.testng.reporters.JUnitReportReporter -->
<testsuite hostname="DESKTOP-MKNCP1I" failures="0" tests="1" name="ss.twenty.scenarios.assingment.BluestoneGoldCoinLakshmi5gm_four" time="44.586" errors="0" timestamp="23 Mar 2019 05:48:25 GMT" skipped="0">
  <testcase classname="ss.twenty.scenarios.assingment.BluestoneGoldCoinLakshmi5gm_four" name="f" time="44.586"/>
</testsuite> <!-- ss.twenty.scenarios.assingment.BluestoneGoldCoinLakshmi5gm_four -->
