<?xml version="1.0" encoding="UTF-8"?>
<!-- Generated by org.testng.reporters.JUnitReportReporter -->
<testsuite hostname="DESKTOP-MKNCP1I" failures="0" tests="3" name="org.testng.arshad.Class3" time="0.008" errors="0" timestamp="27 Mar 2019 08:57:39 GMT" skipped="0">
  <testcase classname="org.testng.arshad.Class3" name="f" time="0.003"/>
  <testcase classname="org.testng.arshad.Class3" name="f" time="0.002"/>
  <testcase classname="org.testng.arshad.Class3" name="f" time="0.003"/>
</testsuite> <!-- org.testng.arshad.Class3 -->
