<?xml version="1.0" encoding="UTF-8"?>
<!-- Generated by org.testng.reporters.JUnitReportReporter -->
<testsuite hostname="DESKTOP-MKNCP1I" failures="0" tests="1" name="scenarios.srinidhi.assignment.twenty.BluestoneRingDeliverytime_seven" time="21.820" errors="0" timestamp="30 Mar 2019 08:47:19 GMT" skipped="0">
  <testcase classname="scenarios.srinidhi.assignment.twenty.BluestoneRingDeliverytime_seven" name="f" time="21.820"/>
</testsuite> <!-- scenarios.srinidhi.assignment.twenty.BluestoneRingDeliverytime_seven -->
