<?xml version="1.0" encoding="UTF-8"?>
<!-- Generated by org.testng.reporters.JUnitReportReporter -->
<testsuite hostname="DESKTOP-MKNCP1I" failures="0" tests="1" name="urbanladder5monday.BedroomMenu" time="90.595" errors="0" timestamp="29 Mar 2019 10:23:33 GMT" skipped="0">
  <testcase classname="urbanladder5monday.BedroomMenu" name="bedroom3" time="90.595"/>
</testsuite> <!-- urbanladder5monday.BedroomMenu -->
