<?xml version="1.0" encoding="UTF-8"?>
<!-- Generated by org.testng.reporters.JUnitReportReporter -->
<testsuite hostname="DESKTOP-MKNCP1I" failures="0" tests="9" name="org.testng.arshad.Class1" time="0.036" errors="0" timestamp="27 Mar 2019 08:57:39 GMT" skipped="0">
  <testcase classname="org.testng.arshad.Class1" name="f" time="0.004"/>
  <testcase classname="org.testng.arshad.Class1" name="f2" time="0.007"/>
  <testcase classname="org.testng.arshad.Class1" name="f2" time="0.002"/>
  <testcase classname="org.testng.arshad.Class1" name="f1" time="0.003"/>
  <testcase classname="org.testng.arshad.Class1" name="f1" time="0.003"/>
  <testcase classname="org.testng.arshad.Class1" name="f1" time="0.002"/>
  <testcase classname="org.testng.arshad.Class1" name="f2" time="0.004"/>
  <testcase classname="org.testng.arshad.Class1" name="f" time="0.004"/>
  <testcase classname="org.testng.arshad.Class1" name="f" time="0.007"/>
</testsuite> <!-- org.testng.arshad.Class1 -->
