<?xml version="1.0" encoding="UTF-8"?>
<!-- Generated by org.testng.reporters.JUnitReportReporter -->
<testsuite hostname="DESKTOP-MKNCP1I" failures="0" tests="1" name="end2endscenarios.FaceBookE2E" time="50.311" errors="0" timestamp="25 Mar 2019 14:37:52 GMT" skipped="0">
  <testcase classname="end2endscenarios.FaceBookE2E" name="facebook" time="50.311"/>
</testsuite> <!-- end2endscenarios.FaceBookE2E -->
