<?xml version="1.0" encoding="UTF-8"?>
<!-- Generated by org.testng.reporters.JUnitReportReporter -->
<testsuite hostname="DESKTOP-MKNCP1I" failures="0" tests="1" name="end2endscenarios.DragAndDropthree" time="17.494" errors="0" timestamp="22 Mar 2019 12:52:46 GMT" skipped="0">
  <testcase classname="end2endscenarios.DragAndDropthree" name="f" time="17.494"/>
</testsuite> <!-- end2endscenarios.DragAndDropthree -->
