<?xml version="1.0" encoding="UTF-8"?>
<!-- Generated by org.testng.reporters.JUnitReportReporter -->
<testsuite hostname="DESKTOP-MKNCP1I" failures="0" tests="1" name="ss.twenty.scenarios.assingment.JqueryuiSlider_twenty" time="66.365" errors="0" timestamp="23 Mar 2019 13:50:39 GMT" skipped="0">
  <testcase classname="ss.twenty.scenarios.assingment.JqueryuiSlider_twenty" name="f" time="66.365"/>
</testsuite> <!-- ss.twenty.scenarios.assingment.JqueryuiSlider_twenty -->
