<?xml version="1.0" encoding="UTF-8"?>
<!-- Generated by org.testng.reporters.JUnitReportReporter -->
<testsuite hostname="DESKTOP-MKNCP1I" failures="0" tests="1" name="scenarios.srinidhi.assignment.twenty.BluestoneRingBelow10000_six" time="19.127" errors="0" timestamp="30 Mar 2019 10:21:50 GMT" skipped="0">
  <testcase classname="scenarios.srinidhi.assignment.twenty.BluestoneRingBelow10000_six" name="f" time="19.127"/>
</testsuite> <!-- scenarios.srinidhi.assignment.twenty.BluestoneRingBelow10000_six -->
