<?xml version="1.0" encoding="UTF-8"?>
<!-- Generated by org.testng.reporters.JUnitReportReporter -->
<testsuite hostname="DESKTOP-MKNCP1I" failures="0" tests="1" name="ss.twenty.scenarios.assingment.BluestoneRingDeliverytime_seven" time="44.116" errors="0" timestamp="23 Mar 2019 07:47:49 GMT" skipped="0">
  <testcase classname="ss.twenty.scenarios.assingment.BluestoneRingDeliverytime_seven" name="f" time="44.116"/>
</testsuite> <!-- ss.twenty.scenarios.assingment.BluestoneRingDeliverytime_seven -->
