<?xml version="1.0" encoding="UTF-8"?>
<!-- Generated by org.testng.reporters.JUnitReportReporter -->
<testsuite hostname="DESKTOP-MKNCP1I" failures="0" tests="1" name="end2endscenarios.Alljwelleryseven" time="31.116" errors="0" timestamp="22 Mar 2019 15:35:26 GMT" skipped="0">
  <testcase classname="end2endscenarios.Alljwelleryseven" name="f" time="31.116"/>
</testsuite> <!-- end2endscenarios.Alljwelleryseven -->
