<?xml version="1.0" encoding="UTF-8"?>
<!-- Generated by org.testng.reporters.JUnitReportReporter -->
<testsuite hostname="DESKTOP-MKNCP1I" failures="0" tests="1" name="ss.twenty.scenarios.assingment.BluestoneRingBelow10000_six" time="39.035" errors="0" timestamp="23 Mar 2019 13:56:27 GMT" skipped="0">
  <testcase classname="ss.twenty.scenarios.assingment.BluestoneRingBelow10000_six" name="f" time="39.035"/>
</testsuite> <!-- ss.twenty.scenarios.assingment.BluestoneRingBelow10000_six -->
