<?xml version="1.0" encoding="UTF-8"?>
<!-- Generated by org.testng.reporters.JUnitReportReporter -->
<testsuite hostname="DESKTOP-MKNCP1I" failures="0" tests="1" name="end2endscenarios.SeleniumE2E" time="46.614" errors="0" timestamp="17 Mar 2019 14:00:29 GMT" skipped="0">
  <testcase classname="end2endscenarios.SeleniumE2E" name="f" time="46.614"/>
</testsuite> <!-- end2endscenarios.SeleniumE2E -->
