<?xml version="1.0" encoding="UTF-8"?>
<!-- Generated by org.testng.reporters.JUnitReportReporter -->
<testsuite hostname="DESKTOP-MKNCP1I" failures="0" tests="1" name="scenarios.srinidhi.assignment.twenty.BluestoneGoldCoin50gm_two" time="15.296" errors="0" timestamp="30 Mar 2019 07:19:32 GMT" skipped="0">
  <testcase classname="scenarios.srinidhi.assignment.twenty.BluestoneGoldCoin50gm_two" name="f" time="15.296"/>
</testsuite> <!-- scenarios.srinidhi.assignment.twenty.BluestoneGoldCoin50gm_two -->
