<?xml version="1.0" encoding="UTF-8"?>
<!-- Generated by org.testng.reporters.JUnitReportReporter -->
<testsuite hostname="DESKTOP-MKNCP1I" failures="0" tests="1" name="ss.twenty.scenarios.assingment.BluestoneGoldCoin50gm_two" time="19.460" errors="0" timestamp="23 Mar 2019 05:35:39 GMT" skipped="0">
  <testcase classname="ss.twenty.scenarios.assingment.BluestoneGoldCoin50gm_two" name="f" time="19.460"/>
</testsuite> <!-- ss.twenty.scenarios.assingment.BluestoneGoldCoin50gm_two -->
