<?xml version="1.0" encoding="UTF-8"?>
<!-- Generated by org.testng.reporters.JUnitReportReporter -->
<testsuite hostname="DESKTOP-MKNCP1I" failures="0" tests="1" name="end2endscenarios.GmailOnePrimary" time="51.873" errors="0" timestamp="22 Mar 2019 12:19:41 GMT" skipped="0">
  <testcase classname="end2endscenarios.GmailOnePrimary" name="f" time="51.873"/>
</testsuite> <!-- end2endscenarios.GmailOnePrimary -->
