<?xml version="1.0" encoding="UTF-8"?>
<!-- Generated by org.testng.reporters.JUnitReportReporter -->
<testsuite hostname="DESKTOP-MKNCP1I" failures="0" tests="1" name="harshasirjavaassignment.PriceText" time="7.775" errors="0" timestamp="21 Mar 2019 06:56:19 GMT" skipped="0">
  <testcase classname="harshasirjavaassignment.PriceText" name="f" time="7.775"/>
</testsuite> <!-- harshasirjavaassignment.PriceText -->
