<?xml version="1.0" encoding="UTF-8"?>
<!-- Generated by org.testng.reporters.JUnitReportReporter -->
<testsuite hostname="DESKTOP-MKNCP1I" failures="0" tests="1" name="ss.twenty.scenarios.assingment.BluestoneGoldCoinLakshmi10gm_five" time="31.661" errors="0" timestamp="23 Mar 2019 05:49:15 GMT" skipped="0">
  <testcase classname="ss.twenty.scenarios.assingment.BluestoneGoldCoinLakshmi10gm_five" name="f" time="31.661"/>
</testsuite> <!-- ss.twenty.scenarios.assingment.BluestoneGoldCoinLakshmi10gm_five -->
