<?xml version="1.0" encoding="UTF-8"?>
<!-- Generated by org.testng.reporters.JUnitReportReporter -->
<testsuite hostname="DESKTOP-MKNCP1I" failures="0" tests="1" name="urbanladder5monday.FirstUrbanladder" time="43.894" errors="0" timestamp="17 Mar 2019 01:53:01 GMT" skipped="0">
  <testcase classname="urbanladder5monday.FirstUrbanladder" name="urbanfirst" time="43.894"/>
</testsuite> <!-- urbanladder5monday.FirstUrbanladder -->
