<?xml version="1.0" encoding="UTF-8"?>
<!-- Generated by org.testng.reporters.JUnitReportReporter -->
<testsuite hostname="DESKTOP-MKNCP1I" failures="0" tests="1" name="ss.twenty.scenarios.assingment.BluestoneGoldCoinLakshmi2gm_three" time="83.108" errors="0" timestamp="23 Mar 2019 05:47:18 GMT" skipped="0">
  <testcase classname="ss.twenty.scenarios.assingment.BluestoneGoldCoinLakshmi2gm_three" name="f" time="83.108"/>
</testsuite> <!-- ss.twenty.scenarios.assingment.BluestoneGoldCoinLakshmi2gm_three -->
