<?xml version="1.0" encoding="UTF-8"?>
<!-- Generated by org.testng.reporters.JUnitReportReporter -->
<testsuite hostname="DESKTOP-MKNCP1I" failures="0" tests="1" name="org.selenium.webdriver.alert.FileUploadPopup" time="9.171" errors="0" timestamp="18 Mar 2019 08:04:38 GMT" skipped="0">
  <testcase classname="org.selenium.webdriver.alert.FileUploadPopup" name="fileUpload" time="9.171"/>
</testsuite> <!-- org.selenium.webdriver.alert.FileUploadPopup -->
