<?xml version="1.0" encoding="UTF-8"?>
<!-- Generated by org.testng.reporters.JUnitReportReporter -->
<testsuite hostname="DESKTOP-MKNCP1I" failures="0" tests="1" name="ss.twenty.scenarios.assingment.BluestoneGMwithoutemail_twelve" time="37.638" errors="0" timestamp="25 Mar 2019 08:13:44 GMT" skipped="0">
  <testcase classname="ss.twenty.scenarios.assingment.BluestoneGMwithoutemail_twelve" name="f" time="37.638"/>
</testsuite> <!-- ss.twenty.scenarios.assingment.BluestoneGMwithoutemail_twelve -->
