<?xml version="1.0" encoding="UTF-8"?>
<!-- Generated by org.testng.reporters.JUnitReportReporter -->
<testsuite hostname="DESKTOP-MKNCP1I" failures="0" tests="1" name="scenarios.srinidhi.assignment.twenty.BluestonecountPlatinum_eight" time="18.499" errors="0" timestamp="29 Mar 2019 16:55:06 GMT" skipped="0">
  <testcase classname="scenarios.srinidhi.assignment.twenty.BluestonecountPlatinum_eight" name="f" time="18.499"/>
</testsuite> <!-- scenarios.srinidhi.assignment.twenty.BluestonecountPlatinum_eight -->
