<?xml version="1.0" encoding="UTF-8"?>
<!-- Generated by org.testng.reporters.JUnitReportReporter -->
<testsuite hostname="DESKTOP-MKNCP1I" failures="0" tests="1" name="ss.twenty.scenarios.assingment.BluestonecountRingWomen_ten" time="27.801" errors="0" timestamp="23 Mar 2019 15:50:35 GMT" skipped="0">
  <testcase classname="ss.twenty.scenarios.assingment.BluestonecountRingWomen_ten" name="f" time="27.801"/>
</testsuite> <!-- ss.twenty.scenarios.assingment.BluestonecountRingWomen_ten -->
