<?xml version="1.0" encoding="UTF-8"?>
<!-- Generated by org.testng.reporters.JUnitReportReporter -->
<testsuite hostname="DESKTOP-MKNCP1I" failures="0" tests="1" name="harshasirjavaassignment.UrbanValidation" time="35.561" errors="0" timestamp="21 Mar 2019 11:17:04 GMT" skipped="0">
  <testcase classname="harshasirjavaassignment.UrbanValidation" name="f" time="35.561"/>
</testsuite> <!-- harshasirjavaassignment.UrbanValidation -->
