<?xml version="1.0" encoding="UTF-8"?>
<!-- Generated by org.testng.reporters.JUnitReportReporter -->
<testsuite hostname="DESKTOP-MKNCP1I" failures="0" tests="1" name="ss.twenty.scenarios.assingment.BluestoneGMpayment_sixteen" time="41.904" errors="0" timestamp="23 Mar 2019 10:05:34 GMT" skipped="0">
  <testcase classname="ss.twenty.scenarios.assingment.BluestoneGMpayment_sixteen" name="f" time="41.904"/>
</testsuite> <!-- ss.twenty.scenarios.assingment.BluestoneGMpayment_sixteen -->
