<?xml version="1.0" encoding="UTF-8"?>
<!-- Generated by org.testng.reporters.JUnitReportReporter -->
<testsuite hostname="DESKTOP-MKNCP1I" failures="0" tests="1" name="end2endscenarios.Bluestonefive" time="11.401" errors="0" timestamp="22 Mar 2019 13:28:49 GMT" skipped="0">
  <testcase classname="end2endscenarios.Bluestonefive" name="f" time="11.401"/>
</testsuite> <!-- end2endscenarios.Bluestonefive -->
