<?xml version="1.0" encoding="UTF-8"?>
<!-- Generated by org.testng.reporters.JUnitReportReporter -->
<testsuite hostname="DESKTOP-MKNCP1I" failures="0" tests="1" name="harshasirjavaassignment.TextPwd" time="7.838" errors="0" timestamp="21 Mar 2019 08:41:44 GMT" skipped="0">
  <testcase classname="harshasirjavaassignment.TextPwd" name="f" time="7.838"/>
</testsuite> <!-- harshasirjavaassignment.TextPwd -->
