<?xml version="1.0" encoding="UTF-8"?>
<!-- Generated by org.testng.reporters.JUnitReportReporter -->
<testsuite hostname="DESKTOP-MKNCP1I" failures="0" tests="1" name="ss.twenty.scenarios.assingment.BluestoneGMnextError_fifteen" time="42.725" errors="0" timestamp="23 Mar 2019 09:34:21 GMT" skipped="0">
  <testcase classname="ss.twenty.scenarios.assingment.BluestoneGMnextError_fifteen" name="f" time="42.725"/>
</testsuite> <!-- ss.twenty.scenarios.assingment.BluestoneGMnextError_fifteen -->
